<?xml version="1.0" encoding="UTF-8"?>
<!-- Generated by org.testng.reporters.JUnitXMLReporter -->
<testsuite hostname="WFH-E004150" ignored="0" name="Automation Test Report" tests="1" failures="1" timestamp="2020-08-17T14:12:27 IST" time="189.235" errors="0">
  <testcase name="feature" time="147.237" classname="ui.automation.testrunner.testrunner">
    <failure type="java.lang.NullPointerException">
      <![CDATA[java.lang.NullPointerException
at ui.automation.pages.LeadsToOpportunity_Page_Validator.enter_Data_firstName(LeadsToOpportunity_Page_Validator.java:11)
at ui.automation.stepdef.LeadsToOpportunity_Steps.enter_the_value_for_First_Name_field(LeadsToOpportunity_Steps.java:34)
at ✽.Enter the value for first name field(./features/LeadsToOpportunity.feature:10)
]]>
    </failure>
  </testcase> <!-- feature -->
</testsuite> <!-- Automation Test Report -->
