<?xml version="1.0" encoding="UTF-8"?>
<!-- Generated by org.testng.reporters.JUnitXMLReporter -->
<testsuite hostname="WFH-E004150" ignored="0" name="Automation Test Report" tests="0" failures="0" timestamp="2020-08-07T16:59:03 IST" time="8.507" errors="0">
  <testcase name="@AfterClass tearDownClass" time="0.013" classname="ui.automation.testrunner.testrunner">
    <failure type="java.lang.NullPointerException">
      <![CDATA[java.lang.NullPointerException
at cigniti.automation.utilities.Driver.StopBrowser(Driver.java:86)
at ui.automation.testrunner.testrunner.tearDownClass(testrunner.java:59)
at java.util.ArrayList.forEach(ArrayList.java:1249)
... Removed 29 stack frames]]>
    </failure>
  </testcase> <!-- @AfterClass tearDownClass -->
</testsuite> <!-- Automation Test Report -->
