<?xml version="1.0" encoding="UTF-8"?>
<!-- Generated by org.testng.reporters.JUnitXMLReporter -->
<testsuite hostname="CTLINLP-0935" ignored="0" name="Automation Test Report" tests="4" failures="0" timestamp="2020-08-28T12:47:18 IST" time="47.28" errors="0">
  <testcase name="feature" time="29.168" classname="ui.automation.testrunner.testrunner"/>
  <testcase name="feature" time="30.957" classname="ui.automation.testrunner.testrunner"/>
  <testcase name="feature" time="11.876" classname="ui.automation.testrunner.testrunner"/>
  <testcase name="feature" time="15.651" classname="ui.automation.testrunner.testrunner"/>
</testsuite> <!-- Automation Test Report -->
