<?xml version="1.0" encoding="UTF-8"?>
<!-- Generated by org.testng.reporters.JUnitXMLReporter -->
<testsuite hostname="WFH-E004150" ignored="0" name="Automation Test Report" tests="1" failures="1" timestamp="2020-08-27T18:22:27 IST" time="156.013" errors="0">
  <testcase name="feature" time="137.713" classname="ui.automation.testrunner.testrunner">
    <failure type="java.lang.AssertionError" message="Failed to select one contact name">
      <![CDATA[java.lang.AssertionError: Failed to select one contact name
at ui.automation.stepdef.LeadsToOpportunity_Steps.searchForMatchingContactAndSelectOneContactNameFormList(LeadsToOpportunity_Steps.java:577)
at ✽.Search for matching contact  and select one contact name form list(./features/LeadsToOpportunity.feature:45)
... Removed 1 stack frames]]>
    </failure>
  </testcase> <!-- feature -->
</testsuite> <!-- Automation Test Report -->
