<?xml version="1.0" encoding="UTF-8"?>
<!-- Generated by org.testng.reporters.JUnitXMLReporter -->
<testsuite hostname="WFH-E004150" ignored="0" name="Automation Test Report" tests="1" failures="1" timestamp="2020-08-07T15:35:55 IST" time="183.517" errors="0">
  <testcase name="feature" time="170.775" classname="ui.automation.testrunner.testrunner">
    <failure type="java.lang.IndexOutOfBoundsException" message="Index: 1, Size: 1">
      <![CDATA[java.lang.IndexOutOfBoundsException: Index: 1, Size: 1
at java.util.ArrayList.rangeCheck(Unknown Source)
at java.util.ArrayList.get(Unknown Source)
at ui.automation.stepdef.Leads_Steps.check_account_accordion_with_create_New_and_choose_existing_radio_button(Leads_Steps.java:227)
at ✽.Check account accordion with create New and choose existing radio button(./features/Leads.feature:37)
]]>
    </failure>
  </testcase> <!-- feature -->
</testsuite> <!-- Automation Test Report -->
