-------------------------------------------------------------------------------
Test set: TestSuite
-------------------------------------------------------------------------------
Tests run: 1, Failures: 1, Errors: 0, Skipped: 0, Time elapsed: 158.459 s <<< FAILURE! - in TestSuite
feature(ui.automation.testrunner.testrunner)  Time elapsed: 138.156 s  <<< FAILURE!
java.lang.AssertionError: Failed to select one contact name

