<?xml version="1.0" encoding="UTF-8"?>
<testng-results skipped="0" failed="0" ignored="0" total="4" passed="4">
  <reporter-output>
  </reporter-output>
  <suite name="Automation Test Report" duration-ms="47280" started-at="2020-08-28T12:46:30 IST" finished-at="2020-08-28T12:47:17 IST">
    <groups>
      <group name="cucumber">
        <method signature="AbstractTestNGCucumberTests.runScenario(cucumber.api.testng.PickleEventWrapper, cucumber.api.testng.CucumberFeatureWrapper)[pri:0, instance:ui.automation.testrunner.testrunner@3108bc]" name="runScenario" class="cucumber.api.testng.AbstractTestNGCucumberTests"/>
      </group> <!-- cucumber -->
    </groups>
    <test name="Automation Test Report" duration-ms="47280" started-at="2020-08-28T12:46:30 IST" finished-at="2020-08-28T12:47:17 IST">
      <class name="ui.automation.testrunner.testrunner">
        <test-method status="PASS" signature="setUpClass()[pri:0, instance:ui.automation.testrunner.testrunner@3108bc]" name="setUpClass" is-config="true" duration-ms="270" started-at="2020-08-28T12:46:30 IST" finished-at="2020-08-28T12:46:31 IST">
          <reporter-output>
          </reporter-output>
        </test-method> <!-- setUpClass -->
        <test-method status="PASS" signature="feature(cucumber.api.testng.PickleEventWrapper, cucumber.api.testng.CucumberFeatureWrapper)[pri:0, instance:ui.automation.testrunner.testrunner@3108bc]" name="feature" duration-ms="30957" started-at="2020-08-28T12:46:31 IST" data-provider="features" finished-at="2020-08-28T12:47:02 IST">
          <params>
            <param index="0">
              <value>
                <![CDATA["Title of your scenario2"]]>
              </value>
            </param>
            <param index="1">
              <value>
                <![CDATA["Title of your feature"]]>
              </value>
            </param>
          </params>
          <reporter-output>
          </reporter-output>
        </test-method> <!-- feature -->
        <test-method status="PASS" signature="feature(cucumber.api.testng.PickleEventWrapper, cucumber.api.testng.CucumberFeatureWrapper)[pri:0, instance:ui.automation.testrunner.testrunner@3108bc]" name="feature" duration-ms="29168" started-at="2020-08-28T12:46:31 IST" data-provider="features" finished-at="2020-08-28T12:47:00 IST">
          <params>
            <param index="0">
              <value>
                <![CDATA["Title of your scenario1"]]>
              </value>
            </param>
            <param index="1">
              <value>
                <![CDATA["Title of your feature"]]>
              </value>
            </param>
          </params>
          <reporter-output>
          </reporter-output>
        </test-method> <!-- feature -->
        <test-method status="PASS" signature="feature(cucumber.api.testng.PickleEventWrapper, cucumber.api.testng.CucumberFeatureWrapper)[pri:0, instance:ui.automation.testrunner.testrunner@3108bc]" name="feature" duration-ms="11876" started-at="2020-08-28T12:47:00 IST" data-provider="features" finished-at="2020-08-28T12:47:12 IST">
          <params>
            <param index="0">
              <value>
                <![CDATA["Title of your scenario6"]]>
              </value>
            </param>
            <param index="1">
              <value>
                <![CDATA["Title of your feature"]]>
              </value>
            </param>
          </params>
          <reporter-output>
          </reporter-output>
        </test-method> <!-- feature -->
        <test-method status="PASS" signature="feature(cucumber.api.testng.PickleEventWrapper, cucumber.api.testng.CucumberFeatureWrapper)[pri:0, instance:ui.automation.testrunner.testrunner@3108bc]" name="feature" duration-ms="15651" started-at="2020-08-28T12:47:02 IST" data-provider="features" finished-at="2020-08-28T12:47:17 IST">
          <params>
            <param index="0">
              <value>
                <![CDATA["Title of your scenario8"]]>
              </value>
            </param>
            <param index="1">
              <value>
                <![CDATA["Title of your feature"]]>
              </value>
            </param>
          </params>
          <reporter-output>
          </reporter-output>
        </test-method> <!-- feature -->
        <test-method status="PASS" signature="tearDownClass(org.testng.ITestContext)[pri:0, instance:ui.automation.testrunner.testrunner@3108bc]" name="tearDownClass" is-config="true" duration-ms="9" started-at="2020-08-28T12:47:17 IST" finished-at="2020-08-28T12:47:17 IST">
          <params>
            <param index="0">
              <value>
                <![CDATA[org.testng.TestRunner@82de64a]]>
              </value>
            </param>
          </params>
          <reporter-output>
          </reporter-output>
        </test-method> <!-- tearDownClass -->
        <test-method status="PASS" signature="tearDownClass()[pri:0, instance:ui.automation.testrunner.testrunner@3108bc]" name="tearDownClass" is-config="true" duration-ms="0" started-at="2020-08-28T12:47:17 IST" finished-at="2020-08-28T12:47:17 IST">
          <reporter-output>
          </reporter-output>
        </test-method> <!-- tearDownClass -->
      </class> <!-- ui.automation.testrunner.testrunner -->
    </test> <!-- Automation Test Report -->
  </suite> <!-- Automation Test Report -->
</testng-results>
