<?xml version="1.0" encoding="UTF-8"?>
<testng-results skipped="0" failed="1" ignored="0" total="1" passed="0">
  <reporter-output>
  </reporter-output>
  <suite name="Automation Test Report" duration-ms="189235" started-at="2020-08-17T14:09:18 IST" finished-at="2020-08-17T14:12:27 IST">
    <groups>
    </groups>
    <test name="Automation Test Report" duration-ms="189235" started-at="2020-08-17T14:09:18 IST" finished-at="2020-08-17T14:12:27 IST">
      <class name="ui.automation.testrunner.testrunner">
        <test-method status="PASS" signature="setUpClass()[pri:0, instance:ui.automation.testrunner.testrunner@5a50d9fc]" name="setUpClass" is-config="true" duration-ms="37287" started-at="2020-08-17T14:09:19 IST" finished-at="2020-08-17T14:09:56 IST">
          <reporter-output>
          </reporter-output>
        </test-method> <!-- setUpClass -->
        <test-method status="FAIL" signature="feature(cucumber.api.testng.PickleEventWrapper, cucumber.api.testng.CucumberFeatureWrapper)[pri:0, instance:ui.automation.testrunner.testrunner@5a50d9fc]" name="feature" duration-ms="147237" started-at="2020-08-17T14:09:56 IST" data-provider="features" finished-at="2020-08-17T14:12:23 IST">
          <params>
            <param index="0">
              <value>
                <![CDATA["Testing Lead record creation and Converting to Account, Contact and Opportunity"]]>
              </value>
            </param>
            <param index="1">
              <value>
                <![CDATA["Create Lead and Convert"]]>
              </value>
            </param>
          </params>
          <exception class="java.lang.NullPointerException">
            <full-stacktrace>
              <![CDATA[java.lang.NullPointerException
at ui.automation.pages.LeadsToOpportunity_Page_Validator.enter_Data_firstName(LeadsToOpportunity_Page_Validator.java:11)
at ui.automation.stepdef.LeadsToOpportunity_Steps.enter_the_value_for_First_Name_field(LeadsToOpportunity_Steps.java:34)
at ✽.Enter the value for first name field(./features/LeadsToOpportunity.feature:10)
]]>
            </full-stacktrace>
          </exception> <!-- java.lang.NullPointerException -->
          <reporter-output>
          </reporter-output>
        </test-method> <!-- feature -->
        <test-method status="PASS" signature="tearDownClass(org.testng.ITestContext)[pri:0, instance:ui.automation.testrunner.testrunner@5a50d9fc]" name="tearDownClass" is-config="true" duration-ms="2701" started-at="2020-08-17T14:12:24 IST" finished-at="2020-08-17T14:12:27 IST">
          <params>
            <param index="0">
              <value>
                <![CDATA[org.testng.TestRunner@12a6e8ed]]>
              </value>
            </param>
          </params>
          <reporter-output>
          </reporter-output>
        </test-method> <!-- tearDownClass -->
      </class> <!-- ui.automation.testrunner.testrunner -->
    </test> <!-- Automation Test Report -->
  </suite> <!-- Automation Test Report -->
</testng-results>
