<?xml version="1.0" encoding="UTF-8"?>
<testng-results skipped="0" failed="1" ignored="0" total="1" passed="0">
  <reporter-output>
  </reporter-output>
  <suite name="Automation Test Report" duration-ms="183517" started-at="2020-08-07T15:32:51 IST" finished-at="2020-08-07T15:35:55 IST">
    <groups>
    </groups>
    <test name="Automation Test Report" duration-ms="183517" started-at="2020-08-07T15:32:51 IST" finished-at="2020-08-07T15:35:55 IST">
      <class name="ui.automation.testrunner.testrunner">
        <test-method status="PASS" signature="setUpClass()[pri:0, instance:ui.automation.testrunner.testrunner@32b0876c]" name="setUpClass" is-config="true" duration-ms="9939" started-at="2020-08-07T15:32:51 IST" finished-at="2020-08-07T15:33:01 IST">
          <reporter-output>
          </reporter-output>
        </test-method> <!-- setUpClass -->
        <test-method status="FAIL" signature="feature(cucumber.api.testng.PickleEventWrapper, cucumber.api.testng.CucumberFeatureWrapper)[pri:0, instance:ui.automation.testrunner.testrunner@32b0876c]" name="feature" duration-ms="170775" started-at="2020-08-07T15:33:01 IST" data-provider="features" finished-at="2020-08-07T15:35:52 IST">
          <params>
            <param index="0">
              <value>
                <![CDATA["Lead Conversion Standard"]]>
              </value>
            </param>
            <param index="1">
              <value>
                <![CDATA["Testing Leads Tab"]]>
              </value>
            </param>
          </params>
          <exception class="java.lang.IndexOutOfBoundsException">
            <message>
              <![CDATA[Index: 1, Size: 1]]>
            </message>
            <full-stacktrace>
              <![CDATA[java.lang.IndexOutOfBoundsException: Index: 1, Size: 1
at java.util.ArrayList.rangeCheck(Unknown Source)
at java.util.ArrayList.get(Unknown Source)
at ui.automation.stepdef.Leads_Steps.check_account_accordion_with_create_New_and_choose_existing_radio_button(Leads_Steps.java:227)
at ✽.Check account accordion with create New and choose existing radio button(./features/Leads.feature:37)
]]>
            </full-stacktrace>
          </exception> <!-- java.lang.IndexOutOfBoundsException -->
          <reporter-output>
          </reporter-output>
        </test-method> <!-- feature -->
        <test-method status="PASS" signature="tearDownClass(org.testng.ITestContext)[pri:0, instance:ui.automation.testrunner.testrunner@32b0876c]" name="tearDownClass" is-config="true" duration-ms="1723" started-at="2020-08-07T15:35:53 IST" finished-at="2020-08-07T15:35:55 IST">
          <params>
            <param index="0">
              <value>
                <![CDATA[org.testng.TestRunner@b339a08]]>
              </value>
            </param>
          </params>
          <reporter-output>
          </reporter-output>
        </test-method> <!-- tearDownClass -->
      </class> <!-- ui.automation.testrunner.testrunner -->
    </test> <!-- Automation Test Report -->
  </suite> <!-- Automation Test Report -->
</testng-results>
