<?xml version="1.0" encoding="UTF-8"?>
<!-- Generated by org.testng.reporters.JUnitReportReporter -->
<testsuite skipped="0" hostname="WFH-E004150" name="ui.automation.testrunner.testrunner" tests="1" failures="0" timestamp="2020-08-17T14:12:28 IST" time="147.237" errors="1">
  <testcase name="feature" time="147.237" classname="ui.automation.testrunner.testrunner">
    <error type="java.lang.NullPointerException">
      <![CDATA[java.lang.NullPointerException
at ui.automation.pages.LeadsToOpportunity_Page_Validator.enter_Data_firstName(LeadsToOpportunity_Page_Validator.java:11)
at ui.automation.stepdef.LeadsToOpportunity_Steps.enter_the_value_for_First_Name_field(LeadsToOpportunity_Steps.java:34)
at ✽.Enter the value for first name field(./features/LeadsToOpportunity.feature:10)
]]>
    </error>
  </testcase> <!-- feature -->
  <system-out/>
</testsuite> <!-- ui.automation.testrunner.testrunner -->
