<?xml version="1.0" encoding="UTF-8"?>
<!-- Generated by org.testng.reporters.JUnitReportReporter -->
<testsuite skipped="0" hostname="WFH-E004150" name="ui.automation.testrunner.testrunner" tests="1" failures="1" timestamp="2020-08-27T18:22:27 IST" time="137.713" errors="0">
  <testcase name="feature" time="137.713" classname="ui.automation.testrunner.testrunner">
    <failure type="java.lang.AssertionError" message="Failed to select one contact name">
      <![CDATA[java.lang.AssertionError: Failed to select one contact name
at org.testng.Assert.fail(Assert.java:97)
at ui.automation.stepdef.LeadsToOpportunity_Steps.searchForMatchingContactAndSelectOneContactNameFormList(LeadsToOpportunity_Steps.java:577)
at ✽.Search for matching contact  and select one contact name form list(./features/LeadsToOpportunity.feature:45)
]]>
    </failure>
  </testcase> <!-- feature -->
  <system-out/>
</testsuite> <!-- ui.automation.testrunner.testrunner -->
