<?xml version="1.0" encoding="UTF-8"?>
<!-- Generated by org.testng.reporters.JUnitReportReporter -->
<testsuite skipped="0" hostname="WFH-E004150" name="ui.automation.testrunner.testrunner" tests="1" failures="0" timestamp="2020-08-07T15:35:55 IST" time="170.775" errors="1">
  <testcase name="feature" time="170.775" classname="ui.automation.testrunner.testrunner">
    <error type="java.lang.IndexOutOfBoundsException" message="Index: 1, Size: 1">
      <![CDATA[java.lang.IndexOutOfBoundsException: Index: 1, Size: 1
at java.util.ArrayList.rangeCheck(Unknown Source)
at java.util.ArrayList.get(Unknown Source)
at ui.automation.stepdef.Leads_Steps.check_account_accordion_with_create_New_and_choose_existing_radio_button(Leads_Steps.java:227)
at ✽.Check account accordion with create New and choose existing radio button(./features/Leads.feature:37)
]]>
    </error>
  </testcase> <!-- feature -->
  <system-out/>
</testsuite> <!-- ui.automation.testrunner.testrunner -->
